
> @fyndo/admin@1.0.0 build C:\Users\rogsh\Documents\Antigravity\Fyndo\apps\admin
> next build

  ▲ Next.js 15.0.0

   Creating an optimized production build ...
 ✓ Compiled successfully
   Linting and checking validity of types ...

 ⚠ The Next.js plugin was not detected in your ESLint configuration. See https://nextjs.org/docs/basic-features/eslint#migrating-existing-config
   Collecting page data ...
   Generating static pages (0/6) ...
   Generating static pages (1/6) 
   Generating static pages (2/6) 
   Generating static pages (4/6) 
 ✓ Generating static pages (6/6)
   Finalizing page optimization ...
   Collecting build traces ...

Route (app)                              Size     First Load JS
┌ ○ /                                    37.7 kB         137 kB
├ ○ /_not-found                          896 B           100 kB
├ ○ /disputes                            2.69 kB         102 kB
└ ○ /moderation                          2.31 kB         101 kB
+ First Load JS shared by all            99.1 kB
  ├ chunks/89b91903-19cd05c89e9e37ec.js  52.6 kB
  ├ chunks/996-d7c68ae8cf18af53.js       44.6 kB
  └ other shared chunks (total)          1.88 kB


○  (Static)  prerendered as static content

